c:\darknet\build\darknet\x64\nogpu_release\vc142.pdb
c:\darknet\build\darknet\x64\nogpu_release\darknet.obj
c:\darknet\build\darknet\x64\nogpu_release\crop_layer.obj
c:\darknet\build\darknet\x64\nogpu_release\crnn_layer.obj
c:\darknet\build\darknet\x64\nogpu_release\cpu_gemm.obj
c:\darknet\build\darknet\x64\nogpu_release\cost_layer.obj
c:\darknet\build\darknet\x64\nogpu_release\convolutional_layer.obj
c:\darknet\build\darknet\x64\nogpu_release\connected_layer.obj
c:\darknet\build\darknet\x64\nogpu_release\compare.obj
c:\darknet\build\darknet\x64\nogpu_release\col2im.obj
c:\darknet\build\darknet\x64\nogpu_release\coco.obj
c:\darknet\build\darknet\x64\nogpu_release\classifier.obj
c:\darknet\build\darknet\x64\nogpu_release\cifar.obj
c:\darknet\build\darknet\x64\nogpu_release\captcha.obj
c:\darknet\build\darknet\x64\nogpu_release\box.obj
c:\darknet\build\darknet\x64\nogpu_release\blas.obj
c:\darknet\build\darknet\x64\nogpu_release\batchnorm_layer.obj
c:\darknet\build\darknet\x64\nogpu_release\avgpool_layer.obj
c:\darknet\build\darknet\x64\nogpu_release\art.obj
c:\darknet\build\darknet\x64\nogpu_release\activation_layer.obj
c:\darknet\build\darknet\x64\nogpu_release\activations.obj
c:\darknet\build\darknet\x64\nogpu_release\matrix.obj
c:\darknet\build\darknet\x64\nogpu_release\lstm_layer.obj
c:\darknet\build\darknet\x64\nogpu_release\local_layer.obj
c:\darknet\build\darknet\x64\nogpu_release\list.obj
c:\darknet\build\darknet\x64\nogpu_release\layer.obj
c:\darknet\build\darknet\x64\nogpu_release\image.obj
c:\darknet\build\darknet\x64\nogpu_release\im2col.obj
c:\darknet\build\darknet\x64\nogpu_release\gru_layer.obj
c:\darknet\build\darknet\x64\nogpu_release\go.obj
c:\darknet\build\darknet\x64\nogpu_release\gettimeofday.obj
c:\darknet\build\darknet\x64\nogpu_release\getopt.obj
c:\darknet\build\darknet\x64\nogpu_release\gemm.obj
c:\darknet\build\darknet\x64\nogpu_release\dropout_layer.obj
c:\darknet\build\darknet\x64\nogpu_release\dice.obj
c:\darknet\build\darknet\x64\nogpu_release\detector.obj
c:\darknet\build\darknet\x64\nogpu_release\detection_layer.obj
c:\darknet\build\darknet\x64\nogpu_release\demo.obj
c:\darknet\build\darknet\x64\nogpu_release\deconvolutional_layer.obj
c:\darknet\build\darknet\x64\nogpu_release\data.obj
c:\darknet\build\darknet\x64\nogpu_release\dark_cuda.obj
c:\darknet\build\darknet\x64\nogpu_release\upsample_layer.obj
c:\darknet\build\darknet\x64\nogpu_release\tree.obj
c:\darknet\build\darknet\x64\nogpu_release\tag.obj
c:\darknet\build\darknet\x64\nogpu_release\swag.obj
c:\darknet\build\darknet\x64\nogpu_release\super.obj
c:\darknet\build\darknet\x64\nogpu_release\softmax_layer.obj
c:\darknet\build\darknet\x64\nogpu_release\shortcut_layer.obj
c:\darknet\build\darknet\x64\nogpu_release\route_layer.obj
c:\darknet\build\darknet\x64\nogpu_release\rnn_vid.obj
c:\darknet\build\darknet\x64\nogpu_release\rnn_layer.obj
c:\darknet\build\darknet\x64\nogpu_release\rnn.obj
c:\darknet\build\darknet\x64\nogpu_release\reorg_old_layer.obj
c:\darknet\build\darknet\x64\nogpu_release\reorg_layer.obj
c:\darknet\build\darknet\x64\nogpu_release\region_layer.obj
c:\darknet\build\darknet\x64\nogpu_release\parser.obj
c:\darknet\build\darknet\x64\nogpu_release\option_list.obj
c:\darknet\build\darknet\x64\nogpu_release\normalization_layer.obj
c:\darknet\build\darknet\x64\nogpu_release\nightmare.obj
c:\darknet\build\darknet\x64\nogpu_release\network.obj
c:\darknet\build\darknet\x64\nogpu_release\maxpool_layer.obj
c:\darknet\build\darknet\x64\nogpu_release\yolo_layer.obj
c:\darknet\build\darknet\x64\nogpu_release\yolo.obj
c:\darknet\build\darknet\x64\nogpu_release\writing.obj
c:\darknet\build\darknet\x64\nogpu_release\voxel.obj
c:\darknet\build\darknet\x64\nogpu_release\utils.obj
c:\darknet\build\darknet\x64\nogpu_release\image_opencv.obj
c:\darknet\build\darknet\x64\nogpu_release\http_stream.obj
c:\darknet\build\darknet\x64\darknet_no_gpu.ipdb
c:\darknet\build\darknet\x64\darknet_no_gpu.iobj
c:\darknet\build\darknet\x64\darknet_no_gpu.exe
c:\darknet\build\darknet\x64\darknet_no_gpu.pdb
c:\darknet\build\darknet\x64\nogpu_release\darknet_no_gpu.tlog\cl.command.1.tlog
c:\darknet\build\darknet\x64\nogpu_release\darknet_no_gpu.tlog\cl.read.1.tlog
c:\darknet\build\darknet\x64\nogpu_release\darknet_no_gpu.tlog\cl.write.1.tlog
c:\darknet\build\darknet\x64\nogpu_release\darknet_no_gpu.tlog\darknet_no_gpu.write.1u.tlog
c:\darknet\build\darknet\x64\nogpu_release\darknet_no_gpu.tlog\link.command.1.tlog
c:\darknet\build\darknet\x64\nogpu_release\darknet_no_gpu.tlog\link.delete.1.tlog
c:\darknet\build\darknet\x64\nogpu_release\darknet_no_gpu.tlog\link.read.1.tlog
c:\darknet\build\darknet\x64\nogpu_release\darknet_no_gpu.tlog\link.write.1.tlog
